0 info it worked if it ends with ok
1 verbose cli [ '/usr/bin/nodejs', '/usr/bin/npm', 'run', 'build' ]
2 info using npm@3.10.3
3 info using node@v6.7.0
4 verbose run-script [ 'prebuild', 'build', 'postbuild' ]
5 info lifecycle angular2-typescript-gulp@1.0.0~prebuild: angular2-typescript-gulp@1.0.0
6 verbose lifecycle angular2-typescript-gulp@1.0.0~prebuild: unsafe-perm in lifecycle true
7 verbose lifecycle angular2-typescript-gulp@1.0.0~prebuild: PATH: /usr/lib/node_modules/npm/bin/node-gyp-bin:/home/osgdev/Downloads/billing-system/node_modules/.bin:/usr/bin:/usr/local/sbin:/usr/local/bin:/usr/sbin:/usr/bin:/sbin:/bin:/usr/games:/usr/local/games
8 verbose lifecycle angular2-typescript-gulp@1.0.0~prebuild: CWD: /home/osgdev/Downloads/billing-system
9 silly lifecycle angular2-typescript-gulp@1.0.0~prebuild: Args: [ '-c', 'gulp clean' ]
10 info lifecycle angular2-typescript-gulp@1.0.0~prebuild: Failed to exec prebuild script
11 verbose stack Error: angular2-typescript-gulp@1.0.0 prebuild: `gulp clean`
11 verbose stack spawn ENOENT
11 verbose stack     at ChildProcess.<anonymous> (/usr/lib/node_modules/npm/lib/utils/spawn.js:33:16)
11 verbose stack     at emitTwo (events.js:106:13)
11 verbose stack     at ChildProcess.emit (events.js:191:7)
11 verbose stack     at maybeClose (internal/child_process.js:877:16)
11 verbose stack     at Process.ChildProcess._handle.onexit (internal/child_process.js:226:5)
12 verbose pkgid angular2-typescript-gulp@1.0.0
13 verbose cwd /home/osgdev/Downloads/billing-system
14 error Linux 4.2.0-41-generic
15 error argv "/usr/bin/nodejs" "/usr/bin/npm" "run" "build"
16 error node v6.7.0
17 error npm  v3.10.3
18 error file sh
19 error code ELIFECYCLE
20 error errno ENOENT
21 error syscall spawn
22 error angular2-typescript-gulp@1.0.0 prebuild: `gulp clean`
22 error spawn ENOENT
23 error Failed at the angular2-typescript-gulp@1.0.0 prebuild script 'gulp clean'.
23 error Make sure you have the latest version of node.js and npm installed.
23 error If you do, this is most likely a problem with the angular2-typescript-gulp package,
23 error not with npm itself.
23 error Tell the author that this fails on your system:
23 error     gulp clean
23 error You can get information on how to open an issue for this project with:
23 error     npm bugs angular2-typescript-gulp
23 error Or if that isn't available, you can get their info via:
23 error     npm owner ls angular2-typescript-gulp
23 error There is likely additional logging output above.
24 verbose exit [ 1, true ]
